<?xml version="1.0" encoding="UTF-8"?>
<!-- Generated by org.testng.reporters.JUnitXMLReporter -->
<testsuite ignored="0" hostname="MININT-L81QB6L" failures="0" tests="7" name="JOBSApiTest" time="7.424" errors="0" timestamp="2022-02-25T16:20:38 EST">
  <testcase classname="com.JobsApi.testcases.JobsApiGetRequest" name="getAllJobDetails" time="3.747"/>
  <testcase classname="com.JobsApi.testcases.JobsApiPostRequest" name="createNewJob" time="0.57"/>
  <testcase classname="com.JobsApi.testcases.JobsApiPostRequest" name="createNewJob" time="0.294"/>
  <testcase classname="com.JobsApi.testcases.JobsApiPutRequest" name="updateJob" time="0.149"/>
  <testcase classname="com.JobsApi.testcases.JobsApiPutRequest" name="updateJob" time="0.138"/>
  <testcase classname="com.JobsApi.testcases.JobsApiDeleteRequest" name="deleteJob" time="0.169"/>
  <testcase classname="com.JobsApi.testcases.JobsApiDeleteRequest" name="deleteJob" time="0.146"/>
</testsuite> <!-- JOBSApiTest -->
