<?xml version="1.0" encoding="UTF-8"?>
<!-- Generated by org.testng.reporters.JUnitXMLReporter -->
<testsuite ignored="0" hostname="MININT-L81QB6L" failures="0" tests="13" name="JOBSApiTest" time="14.028" errors="0" timestamp="2022-03-08T20:21:48 EST">
  <testcase classname="com.JobsApi.testcases.JobsApiGetRequest" name="test_GetAllJobDetails" time="4.975"/>
  <testcase classname="com.JobsApi.testcases.JobsApiPostRequest" name="test_CreateNewJob" time="1.293"/>
  <testcase classname="com.JobsApi.testcases.JobsApiPostRequest" name="test_CreateNewJob" time="0.457"/>
  <testcase classname="com.JobsApi.testcases.JobsApiPostRequest" name="test_CreateJobExistingId" time="0.194"/>
  <testcase classname="com.JobsApi.testcases.JobsApiPostRequest" name="test_CreateJobExistingId" time="0.179"/>
  <testcase classname="com.JobsApi.testcases.JobsApiPutRequest" name="test_UpdateJob" time="0.321"/>
  <testcase classname="com.JobsApi.testcases.JobsApiPutRequest" name="test_UpdateJob" time="0.253"/>
  <testcase classname="com.JobsApi.testcases.JobsApiPutRequest" name="test_UpdateNonExistingJob" time="0.294"/>
  <testcase classname="com.JobsApi.testcases.JobsApiPutRequest" name="test_UpdateNonExistingJob" time="0.243"/>
  <testcase classname="com.JobsApi.testcases.JobsApiDeleteRequest" name="deleteJob" time="0.55"/>
  <testcase classname="com.JobsApi.testcases.JobsApiDeleteRequest" name="deleteJob" time="0.303"/>
  <testcase classname="com.JobsApi.testcases.JobsApiDeleteRequest" name="test_DeleteNonExistingJob" time="0.184"/>
  <testcase classname="com.JobsApi.testcases.JobsApiDeleteRequest" name="test_DeleteNonExistingJob" time="0.155"/>
</testsuite> <!-- JOBSApiTest -->
