<?xml version="1.0" encoding="UTF-8"?>
<testng-results ignored="0" total="7" passed="7" failed="0" skipped="0">
  <reporter-output>
  </reporter-output>
  <suite started-at="2022-02-25T16:20:30 EST" name="TestSuite2" finished-at="2022-02-25T16:20:38 EST" duration-ms="7424">
    <groups>
    </groups>
    <test started-at="2022-02-25T16:20:30 EST" name="JOBSApiTest" finished-at="2022-02-25T16:20:38 EST" duration-ms="7424">
      <class name="com.JobsApi.testcases.JobsApiGetRequest">
        <test-method signature="getAllJobDetails()[pri:0, instance:com.JobsApi.testcases.JobsApiGetRequest@3ee0fea4]" started-at="2022-02-25T16:20:30 EST" name="getAllJobDetails" finished-at="2022-02-25T16:20:34 EST" duration-ms="3747" status="PASS">
          <reporter-output>
          </reporter-output>
        </test-method> <!-- getAllJobDetails -->
      </class> <!-- com.JobsApi.testcases.JobsApiGetRequest -->
      <class name="com.JobsApi.testcases.JobsApiDeleteRequest">
        <test-method signature="deleteJob(java.lang.String)[pri:0, instance:com.JobsApi.testcases.JobsApiDeleteRequest@6f3b5d16]" started-at="2022-02-25T16:20:38 EST" name="deleteJob" data-provider="getData" finished-at="2022-02-25T16:20:38 EST" duration-ms="169" status="PASS">
          <params>
            <param index="0">
              <value>
                <![CDATA[1023]]>
              </value>
            </param>
          </params>
          <reporter-output>
          </reporter-output>
        </test-method> <!-- deleteJob -->
        <test-method signature="deleteJob(java.lang.String)[pri:0, instance:com.JobsApi.testcases.JobsApiDeleteRequest@6f3b5d16]" started-at="2022-02-25T16:20:38 EST" name="deleteJob" data-provider="getData" finished-at="2022-02-25T16:20:38 EST" duration-ms="146" status="PASS">
          <params>
            <param index="0">
              <value>
                <![CDATA[1024]]>
              </value>
            </param>
          </params>
          <reporter-output>
          </reporter-output>
        </test-method> <!-- deleteJob -->
      </class> <!-- com.JobsApi.testcases.JobsApiDeleteRequest -->
      <class name="com.JobsApi.testcases.JobsApiPostRequest">
        <test-method signature="createNewJob(java.lang.String,java.lang.String,java.lang.String,java.lang.String,java.lang.String,java.lang.String,java.lang.String)[pri:0, instance:com.JobsApi.testcases.JobsApiPostRequest@55a561cf]" started-at="2022-02-25T16:20:36 EST" name="createNewJob" data-provider="getData" finished-at="2022-02-25T16:20:37 EST" duration-ms="570" status="PASS">
          <params>
            <param index="0">
              <value>
                <![CDATA[1023]]>
              </value>
            </param>
            <param index="1">
              <value>
                <![CDATA[SDET]]>
              </value>
            </param>
            <param index="2">
              <value>
                <![CDATA[Madison,Wisconsin]]>
              </value>
            </param>
            <param index="3">
              <value>
                <![CDATA[TCS]]>
              </value>
            </param>
            <param index="4">
              <value>
                <![CDATA[Full Time]]>
              </value>
            </param>
            <param index="5">
              <value>
                <![CDATA[2 hours ago]]>
              </value>
            </param>
            <param index="6">
              <value>
                <![CDATA[Must have 3 years of experience in QA]]>
              </value>
            </param>
          </params>
          <reporter-output>
          </reporter-output>
        </test-method> <!-- createNewJob -->
        <test-method signature="createNewJob(java.lang.String,java.lang.String,java.lang.String,java.lang.String,java.lang.String,java.lang.String,java.lang.String)[pri:0, instance:com.JobsApi.testcases.JobsApiPostRequest@55a561cf]" started-at="2022-02-25T16:20:37 EST" name="createNewJob" data-provider="getData" finished-at="2022-02-25T16:20:37 EST" duration-ms="294" status="PASS">
          <params>
            <param index="0">
              <value>
                <![CDATA[1024]]>
              </value>
            </param>
            <param index="1">
              <value>
                <![CDATA[Java Developer]]>
              </value>
            </param>
            <param index="2">
              <value>
                <![CDATA[Chicago,Illinois]]>
              </value>
            </param>
            <param index="3">
              <value>
                <![CDATA[Infosys]]>
              </value>
            </param>
            <param index="4">
              <value>
                <![CDATA[Contract]]>
              </value>
            </param>
            <param index="5">
              <value>
                <![CDATA[4 hours ago]]>
              </value>
            </param>
            <param index="6">
              <value>
                <![CDATA[Java development experience required]]>
              </value>
            </param>
          </params>
          <reporter-output>
          </reporter-output>
        </test-method> <!-- createNewJob -->
      </class> <!-- com.JobsApi.testcases.JobsApiPostRequest -->
      <class name="com.JobsApi.testcases.JobsApiPutRequest">
        <test-method signature="updateJob(java.lang.String,java.lang.String,java.lang.String)[pri:0, instance:com.JobsApi.testcases.JobsApiPutRequest@3b938003]" started-at="2022-02-25T16:20:37 EST" name="updateJob" data-provider="getData" finished-at="2022-02-25T16:20:37 EST" duration-ms="149" status="PASS">
          <params>
            <param index="0">
              <value>
                <![CDATA[1023]]>
              </value>
            </param>
            <param index="1">
              <value>
                <![CDATA[QA Engineer II]]>
              </value>
            </param>
            <param index="2">
              <value>
                <![CDATA[Milwaukee,Wisconsin]]>
              </value>
            </param>
          </params>
          <reporter-output>
          </reporter-output>
        </test-method> <!-- updateJob -->
        <test-method signature="updateJob(java.lang.String,java.lang.String,java.lang.String)[pri:0, instance:com.JobsApi.testcases.JobsApiPutRequest@3b938003]" started-at="2022-02-25T16:20:37 EST" name="updateJob" data-provider="getData" finished-at="2022-02-25T16:20:37 EST" duration-ms="138" status="PASS">
          <params>
            <param index="0">
              <value>
                <![CDATA[1024]]>
              </value>
            </param>
            <param index="1">
              <value>
                <![CDATA[Python Developer II]]>
              </value>
            </param>
            <param index="2">
              <value>
                <![CDATA[Raleigh,NC]]>
              </value>
            </param>
          </params>
          <reporter-output>
          </reporter-output>
        </test-method> <!-- updateJob -->
      </class> <!-- com.JobsApi.testcases.JobsApiPutRequest -->
    </test> <!-- JOBSApiTest -->
  </suite> <!-- TestSuite2 -->
</testng-results>
