<?xml version="1.0" encoding="UTF-8"?>
<testsuite name="TestSuite" time="5.212" tests="7" errors="0" skipped="0" failures="0">
  <properties>
[...]
</properties>
  <testcase name="getAllJobDetails" classname="com.JobsApi.testcases.JobsApiGetRequest" time="3.747"/>
  <testcase name="createNewJob" classname="com.JobsApi.testcases.JobsApiPostRequest" time="0.57"/>
  <testcase name="createNewJob" classname="com.JobsApi.testcases.JobsApiPostRequest" time="0.292"/>
  <testcase name="updateJob" classname="com.JobsApi.testcases.JobsApiPutRequest" time="0.152"/>
  <testcase name="updateJob" classname="com.JobsApi.testcases.JobsApiPutRequest" time="0.136"/>
  <testcase name="deleteJob" classname="com.JobsApi.testcases.JobsApiDeleteRequest" time="0.169"/>
  <testcase name="deleteJob" classname="com.JobsApi.testcases.JobsApiDeleteRequest" time="0.146"/>
</testsuite>