<?xml version="1.0" encoding="UTF-8"?>
<!-- Generated by org.testng.reporters.JUnitXMLReporter -->
<testsuite ignored="0" hostname="MININT-L81QB6L" failures="0" tests="13" name="APIAutomationTest" time="13.094" errors="0" timestamp="2022-02-23T15:47:59 EST">
  <testcase classname="com.LMSAPI.testcases.LmsApiGetRequest" name="test_GetAllPrograms" time="6.203"/>
  <testcase classname="com.LMSAPI.testcases.LmsApiSingleGetRequest" name="test_GetSingleProgram" time="0.313"/>
  <testcase classname="com.LMSAPI.testcases.LmsApiSingleGetRequest" name="test_GetSingleProgram" time="0.298"/>
  <testcase classname="com.LMSAPI.testcases.LmsApiSingleGetRequest" name="test_GetSingleProgram" time="0.282"/>
  <testcase classname="com.LMSAPI.testcases.LmsApiPostRequest" name="createNewProgram" time="0.867"/>
  <testcase classname="com.LMSAPI.testcases.LmsApiPostRequest" name="createNewProgram" time="0.456"/>
  <testcase classname="com.LMSAPI.testcases.LmsApiPostRequest" name="createNewProgram" time="0.527"/>
  <testcase classname="com.LMSAPI.testcases.LmsApiPutRequest" name="updateProgram" time="0.329"/>
  <testcase classname="com.LMSAPI.testcases.LmsApiPutRequest" name="updateProgram" time="0.302"/>
  <testcase classname="com.LMSAPI.testcases.LmsApiPutRequest" name="updateProgram" time="0.312"/>
  <testcase classname="com.LMSAPI.testcases.LmsApiDeleteRequest" name="deleteProgram" time="0.24"/>
  <testcase classname="com.LMSAPI.testcases.LmsApiDeleteRequest" name="deleteProgram" time="0.243"/>
  <testcase classname="com.LMSAPI.testcases.LmsApiDeleteRequest" name="deleteProgram" time="0.26"/>
</testsuite> <!-- APIAutomationTest -->
