<?xml version="1.0" encoding="UTF-8"?>
<!-- Generated by org.testng.reporters.JUnitXMLReporter -->
<testsuite ignored="0" hostname="MININT-L81QB6L" failures="0" tests="13" name="LMSApiTest" time="38.295" errors="0" timestamp="2022-03-08T20:23:25 EST">
  <testcase classname="com.LMSAPI.testcases.LmsApiGetRequest" name="test_GetAllPrograms" time="28.118"/>
  <testcase classname="com.LMSAPI.testcases.LmsApiSingleGetRequest" name="test_GetSingleProgram" time="0.429"/>
  <testcase classname="com.LMSAPI.testcases.LmsApiSingleGetRequest" name="test_GetSingleProgram" time="0.318"/>
  <testcase classname="com.LMSAPI.testcases.LmsApiSingleGetRequest" name="test_GetSingleProgram" time="0.348"/>
  <testcase classname="com.LMSAPI.testcases.LmsApiPostRequest" name="test_CreateNewProgram" time="1.528"/>
  <testcase classname="com.LMSAPI.testcases.LmsApiPostRequest" name="test_CreateNewProgram" time="0.635"/>
  <testcase classname="com.LMSAPI.testcases.LmsApiPostRequest" name="test_CreateNewProgram" time="0.549"/>
  <testcase classname="com.LMSAPI.testcases.LmsApiPutRequest" name="test_UpdateProgram" time="0.43"/>
  <testcase classname="com.LMSAPI.testcases.LmsApiPutRequest" name="test_UpdateProgram" time="0.399"/>
  <testcase classname="com.LMSAPI.testcases.LmsApiPutRequest" name="test_UpdateProgram" time="0.364"/>
  <testcase classname="com.LMSAPI.testcases.LmsApiDeleteRequest" name="test_DeleteProgram" time="0.305"/>
  <testcase classname="com.LMSAPI.testcases.LmsApiDeleteRequest" name="test_DeleteProgram" time="0.297"/>
  <testcase classname="com.LMSAPI.testcases.LmsApiDeleteRequest" name="test_DeleteProgram" time="0.369"/>
</testsuite> <!-- LMSApiTest -->
